[2022-6-23 14:21:9] [INFO] Booting the 'HTTP' middleware...
[2022-6-23 14:21:9] [INFO] Booting the 'CsrfToken' middleware...
[2022-6-23 14:21:9] [INFO] Booting the 'Views' middleware...
[2022-6-23 14:21:9] [INFO] Booting the 'Statics' middleware...
[2022-6-23 14:21:9] [INFO] Booting the 'StatusMonitor' middleware...
[2022-6-23 14:21:9] [INFO] sqlToDB() name: fetch-user-by-mail-password | sql: select * from public.users where email = $1 and user_password = $2 | data: undefined
[2022-6-23 14:21:9] [INFO] sqlToDB(): SELECT | 0
[2022-6-23 20:3:5] [INFO] Booting the 'HTTP' middleware...
[2022-6-23 20:3:5] [INFO] Booting the 'CsrfToken' middleware...
[2022-6-23 20:3:5] [INFO] Booting the 'Views' middleware...
[2022-6-23 20:3:5] [INFO] Booting the 'Statics' middleware...
[2022-6-23 20:3:5] [INFO] Booting the 'StatusMonitor' middleware...
[2022-6-23 20:3:5] [INFO] sqlToDB() name: fetch-user-by-mail-password | sql: select * from public.users where email = $1 and user_password = $2 | data: undefined
[2022-6-23 20:3:5] [INFO] sqlToDB(): SELECT | 0
[2022-6-23 20:3:5] [INFO] sqlToDB() name: fetch-user-by-mail-password | sql: select * from public.users where email = $1 and user_password = $2 | data: undefined
[2022-6-23 20:3:5] [INFO] sqlToDB(): SELECT | 0
[2022-6-23 20:3:5] [INFO] sqlToDB() name: fetch-user-by-mail-password | sql: select * from public.users where email = $1 and user_password = $2 | data: undefined
[2022-6-23 20:3:5] [INFO] sqlToDB(): SELECT | 1
[2022-6-23 20:3:5] [INFO] New user logged existingadmin@test.com
[2022-6-23 20:3:5] [INFO] Email is existingadmin@test.com
[2022-6-23 20:3:5] [INFO] Password is 78ca89fb969778e1044c06659fb077bdb4b77d1d6b0c0466e53233d73361a280
[2022-6-23 20:3:5] [INFO] sqlToDB() name: fetch-user-by-email | sql: select * from public.users where email = $1 | data: undefined
[2022-6-23 20:3:5] [INFO] sqlToDB(): SELECT | 1
[2022-6-23 20:3:5] [INFO] comparing password now!
[2022-6-23 20:3:5] [INFO] user is existingadmin@test.com                                                                              
[2022-6-23 20:3:5] [INFO] Here in the login controller #2!
[2022-6-23 20:3:5] [INFO] sqlToDB() name: fetch-user-by-mail-password | sql: select * from public.users where email = $1 and user_password = $2 | data: undefined
[2022-6-23 20:3:5] [INFO] sqlToDB(): SELECT | 0
[2022-6-23 20:3:5] [INFO] sqlToDB() name: fetch-user-by-mail-password | sql: select * from public.users where email = $1 and user_password = $2 | data: undefined
[2022-6-23 20:3:5] [INFO] sqlToDB(): SELECT | 0
[2022-6-23 20:3:5] [INFO] sqlToDB() name: fetch-user-by-mail-password | sql: select * from public.users where email = $1 and user_password = $2 | data: undefined
[2022-6-23 20:3:5] [INFO] sqlToDB(): SELECT | 0
[2022-6-23 20:3:5] [INFO] sqlToDB() name: fetch-user-by-mail-password | sql: select * from public.users where email = $1 and user_password = $2 | data: undefined
[2022-6-23 20:3:5] [INFO] sqlToDB(): SELECT | 0
[2022-6-23 20:3:5] [INFO] sqlToDB() name: fetch-user-by-mail-password | sql: select * from public.users where email = $1 and user_password = $2 | data: undefined
[2022-6-23 20:3:5] [INFO] sqlToDB(): SELECT | 0
[2022-6-23 20:3:5] [INFO] sqlToDB() name: fetch-user-by-mail-password | sql: select * from public.users where email = $1 and user_password = $2 | data: undefined
[2022-6-23 20:3:5] [INFO] sqlToDB(): SELECT | 0
[2022-6-23 20:3:5] [INFO] sqlToDB() name: fetch-user-by-mail-password | sql: select * from public.users where email = $1 and user_password = $2 | data: undefined
[2022-6-23 20:3:5] [INFO] sqlToDB(): SELECT | 0
[2022-6-23 20:3:5] [INFO] sqlToDB() name: fetch-user-by-mail-password | sql: select * from public.users where email = $1 and user_password = $2 | data: undefined
[2022-6-23 20:3:5] [INFO] sqlToDB(): SELECT | 0
[2022-6-23 20:3:5] [INFO] sqlToDB() name: fetch-user-by-mail-password | sql: select * from public.users where email = $1 and user_password = $2 | data: undefined
[2022-6-23 20:3:5] [INFO] sqlToDB(): SELECT | 0
[2022-6-23 20:3:5] [INFO] sqlToDB() name: fetch-user-by-mail-password | sql: select * from public.users where email = $1 and user_password = $2 | data: undefined
[2022-6-23 20:3:5] [INFO] sqlToDB(): SELECT | 0
[2022-6-23 20:3:5] [INFO] sqlToDB() name: fetch-user-by-mail-password | sql: select * from public.users where email = $1 and user_password = $2 | data: undefined
[2022-6-23 20:3:5] [INFO] sqlToDB(): SELECT | 0
[2022-6-23 20:3:5] [INFO] sqlToDB() name: fetch-user-by-mail-password | sql: select * from public.users where email = $1 and user_password = $2 | data: undefined
[2022-6-23 20:3:5] [INFO] sqlToDB(): SELECT | 0
[2022-6-23 20:3:5] [INFO] sqlToDB() name: fetch-user-by-mail-password | sql: select * from public.users where email = $1 and user_password = $2 | data: undefined
[2022-6-23 20:3:5] [INFO] sqlToDB(): SELECT | 0
[2022-6-23 20:3:5] [INFO] sqlToDB() name: fetch-user-by-mail-password | sql: select * from public.users where email = $1 and user_password = $2 | data: undefined
[2022-6-23 20:3:5] [INFO] sqlToDB(): SELECT | 0
[2022-6-23 20:3:5] [INFO] sqlToDB() name: fetch-user-by-mail-password | sql: select * from public.users where email = $1 and user_password = $2 | data: undefined
[2022-6-23 20:3:5] [INFO] sqlToDB(): SELECT | 0
[2022-6-23 20:3:5] [INFO] sqlToDB() name: fetch-user-by-mail-password | sql: select * from public.users where email = $1 and user_password = $2 | data: undefined
[2022-6-23 20:3:5] [INFO] sqlToDB(): SELECT | 0
[2022-6-23 20:3:5] [INFO] sqlToDB() name: fetch-user-by-mail-password | sql: select * from public.users where email = $1 and user_password = $2 | data: undefined
[2022-6-23 20:3:5] [INFO] New user logged existingadmin@test.com
[2022-6-23 20:3:5] [INFO] Email is existingadmin@test.com
[2022-6-23 20:3:5] [INFO] Password is 78ca89fb969778e1044c06659fb077bdb4b77d1d6b0c0466e53233d73361a280
[2022-6-23 20:3:5] [INFO] sqlToDB() name: fetch-user-by-email | sql: select * from public.users where email = $1 | data: undefined
[2022-6-23 20:3:5] [INFO] sqlToDB(): SELECT | 1
[2022-6-23 20:3:5] [INFO] sqlToDB(): SELECT | 1
[2022-6-23 20:3:5] [INFO] comparing password now!
[2022-6-23 20:3:5] [INFO] user is existingadmin@test.com                                                                              
[2022-6-23 20:3:5] [INFO] Here in the login controller #2!
[2022-6-23 20:3:5] [INFO] sqlToDB() name: fetch-user-by-id | sql: select * from public.users where id = $1 | data: undefined
[2022-6-23 20:3:5] [INFO] sqlToDB(): SELECT | 1
[2022-6-23 20:3:5] [INFO] sqlToDB() name: fetch-user-by-id | sql: select * from public.users where id = $1 | data: undefined
[2022-6-23 20:3:5] [INFO] sqlToDB(): SELECT | 1
[2022-6-23 20:3:5] [INFO] sqlToDB() name: fetch-user-by-id | sql: select * from public.users where id = $1 | data: undefined
[2022-6-23 20:3:5] [INFO] sqlToDB(): SELECT | 1
[2022-6-23 20:3:5] [INFO] sqlToDB() name: fetch-user-by-mail-password | sql: select * from public.users where email = $1 and user_password = $2 | data: undefined
[2022-6-23 20:3:5] [INFO] sqlToDB(): SELECT | 0
[2022-6-23 20:3:5] [INFO] sqlToDB() name: fetch-user-by-mail-password | sql: select * from public.users where email = $1 and user_password = $2 | data: undefined
[2022-6-23 20:3:5] [INFO] sqlToDB(): SELECT | 1
[2022-6-23 20:3:5] [INFO] New user logged existingadmin@test.com
[2022-6-23 20:3:5] [INFO] Email is existingadmin@test.com
[2022-6-23 20:3:5] [INFO] Password is 78ca89fb969778e1044c06659fb077bdb4b77d1d6b0c0466e53233d73361a280
[2022-6-23 20:3:5] [INFO] sqlToDB() name: fetch-user-by-email | sql: select * from public.users where email = $1 | data: undefined
[2022-6-23 20:3:5] [INFO] sqlToDB(): SELECT | 1
[2022-6-23 20:3:5] [INFO] user is existingadmin@test.com                                                                              
[2022-6-23 20:3:5] [INFO] comparing password now!
[2022-6-23 20:3:5] [INFO] Here in the login controller #2!
[2022-6-23 20:3:5] [INFO] sqlToDB() name: fetch-user-by-mail-password | sql: select * from public.users where email = $1 and user_password = $2 | data: undefined
[2022-6-23 20:3:5] [INFO] sqlToDB(): SELECT | 1
[2022-6-23 20:3:5] [INFO] New user logged existingadmin@test.com
[2022-6-23 20:3:5] [INFO] Email is existingadmin@test.com
[2022-6-23 20:3:5] [INFO] Password is 78ca89fb969778e1044c06659fb077bdb4b77d1d6b0c0466e53233d73361a280
[2022-6-23 20:3:5] [INFO] sqlToDB() name: fetch-user-by-email | sql: select * from public.users where email = $1 | data: undefined
[2022-6-23 20:3:5] [INFO] sqlToDB(): SELECT | 1
[2022-6-23 20:3:5] [INFO] user is existingadmin@test.com                                                                              
[2022-6-23 20:3:5] [INFO] comparing password now!
[2022-6-23 20:3:5] [INFO] Here in the login controller #2!
[2022-6-23 20:3:5] [INFO] sqlToDB() name: fetch-user-by-mail-password | sql: select * from public.users where email = $1 and user_password = $2 | data: undefined
[2022-6-23 20:3:5] [INFO] sqlToDB(): SELECT | 1
[2022-6-23 20:3:5] [INFO] New user logged existingadmin@test.com
[2022-6-23 20:3:5] [INFO] Email is existingadmin@test.com
[2022-6-23 20:3:5] [INFO] Password is 78ca89fb969778e1044c06659fb077bdb4b77d1d6b0c0466e53233d73361a280
[2022-6-23 20:3:5] [INFO] sqlToDB() name: fetch-user-by-email | sql: select * from public.users where email = $1 | data: undefined
[2022-6-23 20:3:5] [INFO] sqlToDB(): SELECT | 1
[2022-6-23 20:3:5] [INFO] user is existingadmin@test.com                                                                              
[2022-6-23 20:3:5] [INFO] comparing password now!
[2022-6-23 20:3:5] [INFO] Here in the login controller #2!
