[2022-6-22 9:19:7] [INFO] Booting the 'HTTP' middleware...
[2022-6-22 9:19:7] [INFO] Booting the 'CsrfToken' middleware...
[2022-6-22 9:19:7] [INFO] Booting the 'Views' middleware...
[2022-6-22 9:19:7] [INFO] Booting the 'Statics' middleware...
[2022-6-22 9:19:7] [INFO] Booting the 'StatusMonitor' middleware...
[2022-6-22 9:19:31] [INFO] sqlToDB() name: fetch-user-by-mail-password | sql: select * from public.users where email = $1 and user_password = $2 | data: undefined
[2022-6-22 9:19:31] [INFO] sqlToDB(): SELECT | 1
[2022-6-22 9:19:31] [INFO] New user logged existingadmin@test.com
[2022-6-22 9:19:31] [INFO] Email is existingadmin@test.com
[2022-6-22 9:19:31] [INFO] Password is 78ca89fb969778e1044c06659fb077bdb4b77d1d6b0c0466e53233d73361a280
[2022-6-22 9:19:31] [INFO] sqlToDB() name: fetch-user-by-email | sql: select * from public.users where email = $1 | data: undefined
[2022-6-22 9:19:31] [INFO] sqlToDB(): SELECT | 1
[2022-6-22 9:19:31] [INFO] user is existingadmin@test.com                                                                              
[2022-6-22 9:19:31] [INFO] comparing password now!
[2022-6-22 9:19:31] [INFO] Here in the login controller #2!
[2022-6-22 9:19:31] [INFO] sqlToDB() name: fetch-user-by-mail-password | sql: select * from public.users where email = $1 and user_password = $2 | data: undefined
[2022-6-22 9:19:31] [INFO] sqlToDB(): SELECT | 0
[2022-6-22 9:20:56] [INFO] Booting the 'HTTP' middleware...
[2022-6-22 9:20:56] [INFO] Booting the 'StatusMonitor' middleware...
[2022-6-22 9:20:56] [INFO] Booting the 'Views' middleware...
[2022-6-22 9:20:56] [INFO] Booting the 'Statics' middleware...
[2022-6-22 9:20:56] [INFO] Booting the 'CsrfToken' middleware...
[2022-6-22 9:20:56] [INFO] sqlToDB() name: fetch-user-by-mail-password | sql: select * from public.users where email = $1 and user_password = $2 | data: undefined
[2022-6-22 9:20:56] [INFO] sqlToDB(): SELECT | 0
[2022-6-22 9:22:17] [INFO] Booting the 'HTTP' middleware...
[2022-6-22 9:22:17] [INFO] Booting the 'CsrfToken' middleware...
[2022-6-22 9:22:17] [INFO] Booting the 'Views' middleware...
[2022-6-22 9:22:17] [INFO] Booting the 'Statics' middleware...
[2022-6-22 9:22:17] [INFO] Booting the 'StatusMonitor' middleware...
[2022-6-22 9:22:35] [INFO] sqlToDB() name: fetch-user-by-mail-password | sql: select * from public.users where email = $1 and user_password = $2 | data: undefined
[2022-6-22 9:22:35] [INFO] sqlToDB(): SELECT | 1
[2022-6-22 9:22:35] [INFO] New user logged existingadmin@test.com
[2022-6-22 9:22:35] [INFO] Email is existingadmin@test.com
[2022-6-22 9:22:35] [INFO] Password is 78ca89fb969778e1044c06659fb077bdb4b77d1d6b0c0466e53233d73361a280
[2022-6-22 9:22:35] [INFO] sqlToDB() name: fetch-user-by-email | sql: select * from public.users where email = $1 | data: undefined
[2022-6-22 9:22:35] [INFO] sqlToDB(): SELECT | 1
[2022-6-22 9:22:35] [INFO] user is existingadmin@test.com                                                                              
[2022-6-22 9:22:35] [INFO] comparing password now!
[2022-6-22 9:22:35] [INFO] Here in the login controller #2!
[2022-6-22 9:22:35] [INFO] sqlToDB() name: fetch-user-by-mail-password | sql: select * from public.users where email = $1 and user_password = $2 | data: undefined
[2022-6-22 9:22:35] [INFO] sqlToDB(): SELECT | 0
[2022-6-22 9:23:42] [INFO] Booting the 'HTTP' middleware...
[2022-6-22 9:23:42] [INFO] Booting the 'CsrfToken' middleware...
[2022-6-22 9:23:42] [INFO] Booting the 'Views' middleware...
[2022-6-22 9:23:42] [INFO] Booting the 'Statics' middleware...
[2022-6-22 9:23:42] [INFO] Booting the 'StatusMonitor' middleware...
[2022-6-22 9:24:9] [INFO] sqlToDB() name: verify-email-exist | sql: SELECT email FROM public.users where email = $1 | data: undefined
[2022-6-22 9:24:9] [INFO] sqlToDB() name: verify-phoneNumber-exist | sql: SELECT phone_number FROM public.users where phone_number = $1 | data: undefined
[2022-6-22 9:24:9] [INFO] sqlToDB() name: verify-userName-exist | sql: SELECT user_name FROM public.users where user_name = $1 | data: undefined
[2022-6-22 9:24:9] [INFO] sqlToDB(): SELECT | 1
[2022-6-22 9:24:9] [INFO] sqlToDB(): SELECT | 0
[2022-6-22 9:24:9] [INFO] sqlToDB(): SELECT | 0
[2022-6-22 9:24:9] [INFO] sqlToDB() name: verify-email-exist | sql: SELECT email FROM public.users where email = $1 | data: undefined
[2022-6-22 9:24:9] [INFO] sqlToDB() name: verify-phoneNumber-exist | sql: SELECT phone_number FROM public.users where phone_number = $1 | data: undefined
[2022-6-22 9:24:9] [INFO] sqlToDB() name: verify-userName-exist | sql: SELECT user_name FROM public.users where user_name = $1 | data: undefined
[2022-6-22 9:24:9] [INFO] sqlToDB(): SELECT | 1
[2022-6-22 9:24:9] [INFO] sqlToDB(): SELECT | 0
[2022-6-22 9:24:9] [INFO] sqlToDB(): SELECT | 0
[2022-6-22 9:24:9] [INFO] sqlToDB() name: verify-email-exist | sql: SELECT email FROM public.users where email = $1 | data: undefined
[2022-6-22 9:24:9] [INFO] sqlToDB() name: verify-userName-exist | sql: SELECT user_name FROM public.users where user_name = $1 | data: undefined
[2022-6-22 9:24:9] [INFO] sqlToDB() name: verify-phoneNumber-exist | sql: SELECT phone_number FROM public.users where phone_number = $1 | data: undefined
[2022-6-22 9:24:9] [INFO] sqlToDB(): SELECT | 0
[2022-6-22 9:24:9] [INFO] sqlToDB(): SELECT | 1
[2022-6-22 9:24:9] [INFO] sqlToDB(): SELECT | 0
[2022-6-22 9:24:52] [INFO] Booting the 'HTTP' middleware...
[2022-6-22 9:24:52] [INFO] Booting the 'CsrfToken' middleware...
[2022-6-22 9:24:52] [INFO] Booting the 'Views' middleware...
[2022-6-22 9:24:52] [INFO] Booting the 'Statics' middleware...
[2022-6-22 9:24:52] [INFO] Booting the 'StatusMonitor' middleware...
[2022-6-22 9:24:59] [INFO] sqlToDB() name: verify-email-exist | sql: SELECT email FROM public.users where email = $1 | data: undefined
[2022-6-22 9:24:59] [INFO] sqlToDB() name: verify-phoneNumber-exist | sql: SELECT phone_number FROM public.users where phone_number = $1 | data: undefined
[2022-6-22 9:24:59] [INFO] sqlToDB() name: verify-userName-exist | sql: SELECT user_name FROM public.users where user_name = $1 | data: undefined
[2022-6-22 9:24:59] [INFO] sqlToDB(): SELECT | 1
[2022-6-22 9:24:59] [INFO] sqlToDB(): SELECT | 0
[2022-6-22 9:24:59] [INFO] sqlToDB(): SELECT | 0
[2022-6-22 9:24:59] [INFO] sqlToDB() name: verify-email-exist | sql: SELECT email FROM public.users where email = $1 | data: undefined
[2022-6-22 9:24:59] [INFO] sqlToDB() name: verify-phoneNumber-exist | sql: SELECT phone_number FROM public.users where phone_number = $1 | data: undefined
[2022-6-22 9:24:59] [INFO] sqlToDB() name: verify-userName-exist | sql: SELECT user_name FROM public.users where user_name = $1 | data: undefined
[2022-6-22 9:24:59] [INFO] sqlToDB(): SELECT | 0
[2022-6-22 9:24:59] [INFO] sqlToDB(): SELECT | 1
[2022-6-22 9:24:59] [INFO] sqlToDB(): SELECT | 0
[2022-6-22 9:24:59] [INFO] sqlToDB() name: verify-email-exist | sql: SELECT email FROM public.users where email = $1 | data: undefined
[2022-6-22 9:24:59] [INFO] sqlToDB() name: verify-phoneNumber-exist | sql: SELECT phone_number FROM public.users where phone_number = $1 | data: undefined
[2022-6-22 9:24:59] [INFO] sqlToDB() name: verify-userName-exist | sql: SELECT user_name FROM public.users where user_name = $1 | data: undefined
[2022-6-22 9:24:59] [INFO] sqlToDB(): SELECT | 1
[2022-6-22 9:24:59] [INFO] sqlToDB(): SELECT | 0
[2022-6-22 9:24:59] [INFO] sqlToDB(): SELECT | 0
[2022-6-22 9:24:52] [INFO] sqlToDB() name: fetch-user-by-mail-password | sql: select * from public.users where email = $1 and user_password = $2 | data: undefined
[2022-6-22 9:24:52] [INFO] sqlToDB(): SELECT | 0
[2022-6-22 9:24:52] [INFO] sqlToDB() name: fetch-user-by-mail-password | sql: select * from public.users where email = $1 and user_password = $2 | data: undefined
[2022-6-22 9:24:52] [INFO] sqlToDB(): SELECT | 0
[2022-6-22 9:24:52] [INFO] sqlToDB() name: fetch-user-by-mail-password | sql: select * from public.users where email = $1 and user_password = $2 | data: undefined
[2022-6-22 9:24:52] [INFO] sqlToDB(): SELECT | 0
[2022-6-22 9:24:52] [INFO] sqlToDB() name: fetch-user-by-mail-password | sql: select * from public.users where email = $1 and user_password = $2 | data: undefined
[2022-6-22 9:24:52] [INFO] sqlToDB(): SELECT | 0
[2022-6-22 9:24:52] [INFO] sqlToDB() name: fetch-user-by-mail-password | sql: select * from public.users where email = $1 and user_password = $2 | data: undefined
[2022-6-22 9:24:52] [INFO] sqlToDB(): SELECT | 0
[2022-6-22 9:24:52] [INFO] sqlToDB() name: fetch-user-by-mail-password | sql: select * from public.users where email = $1 and user_password = $2 | data: undefined
[2022-6-22 9:24:52] [INFO] sqlToDB(): SELECT | 0
[2022-6-22 9:24:52] [INFO] sqlToDB() name: fetch-user-by-mail-password | sql: select * from public.users where email = $1 and user_password = $2 | data: undefined
[2022-6-22 9:24:52] [INFO] sqlToDB(): SELECT | 0
[2022-6-22 9:24:52] [INFO] sqlToDB() name: fetch-user-by-mail-password | sql: select * from public.users where email = $1 and user_password = $2 | data: undefined
[2022-6-22 9:24:52] [INFO] sqlToDB(): SELECT | 0
[2022-6-22 9:24:52] [INFO] sqlToDB() name: fetch-user-by-mail-password | sql: select * from public.users where email = $1 and user_password = $2 | data: undefined
[2022-6-22 9:24:52] [INFO] sqlToDB(): SELECT | 0
[2022-6-22 9:24:52] [INFO] sqlToDB() name: fetch-user-by-mail-password | sql: select * from public.users where email = $1 and user_password = $2 | data: undefined
[2022-6-22 9:24:52] [INFO] sqlToDB(): SELECT | 0
[2022-6-22 9:24:52] [INFO] sqlToDB() name: fetch-user-by-mail-password | sql: select * from public.users where email = $1 and user_password = $2 | data: undefined
[2022-6-22 9:24:52] [INFO] sqlToDB(): SELECT | 0
[2022-6-22 9:24:52] [INFO] sqlToDB() name: fetch-user-by-mail-password | sql: select * from public.users where email = $1 and user_password = $2 | data: undefined
[2022-6-22 9:24:52] [INFO] sqlToDB(): SELECT | 0
[2022-6-22 9:24:52] [INFO] sqlToDB() name: fetch-user-by-mail-password | sql: select * from public.users where email = $1 and user_password = $2 | data: undefined
[2022-6-22 9:24:52] [INFO] sqlToDB(): SELECT | 0
[2022-6-22 9:24:52] [INFO] sqlToDB() name: fetch-user-by-mail-password | sql: select * from public.users where email = $1 and user_password = $2 | data: undefined
[2022-6-22 9:24:52] [INFO] sqlToDB(): SELECT | 0
[2022-6-22 9:24:52] [INFO] sqlToDB() name: fetch-user-by-mail-password | sql: select * from public.users where email = $1 and user_password = $2 | data: undefined
[2022-6-22 9:24:52] [INFO] sqlToDB(): SELECT | 1
[2022-6-22 9:24:52] [INFO] New user logged existingadmin@test.com
[2022-6-22 9:24:52] [INFO] Email is existingadmin@test.com
[2022-6-22 9:24:52] [INFO] Password is 78ca89fb969778e1044c06659fb077bdb4b77d1d6b0c0466e53233d73361a280
[2022-6-22 9:24:52] [INFO] sqlToDB() name: fetch-user-by-email | sql: select * from public.users where email = $1 | data: undefined
[2022-6-22 9:24:52] [INFO] sqlToDB(): SELECT | 1
[2022-6-22 9:24:52] [INFO] user is existingadmin@test.com                                                                              
[2022-6-22 9:24:52] [INFO] comparing password now!
[2022-6-22 9:24:52] [INFO] Here in the login controller #2!
[2022-6-22 9:24:52] [INFO] sqlToDB() name: fetch-user-by-id | sql: select * from public.users where id = $1 | data: undefined
[2022-6-22 9:24:52] [INFO] sqlToDB(): SELECT | 1
[2022-6-22 9:24:52] [INFO] sqlToDB() name: fetch-user-by-mail-password | sql: select * from public.users where email = $1 and user_password = $2 | data: undefined
[2022-6-22 9:24:52] [INFO] sqlToDB(): SELECT | 0
[2022-6-22 9:24:52] [INFO] sqlToDB() name: fetch-user-by-mail-password | sql: select * from public.users where email = $1 and user_password = $2 | data: undefined
[2022-6-22 9:24:52] [INFO] sqlToDB(): SELECT | 0
[2022-6-22 9:24:52] [INFO] sqlToDB() name: fetch-user-by-mail-password | sql: select * from public.users where email = $1 and user_password = $2 | data: undefined
[2022-6-22 9:24:52] [INFO] sqlToDB(): SELECT | 0
[2022-6-22 9:24:52] [INFO] sqlToDB() name: fetch-user-by-mail-password | sql: select * from public.users where email = $1 and user_password = $2 | data: undefined
[2022-6-22 9:24:52] [INFO] sqlToDB(): SELECT | 0
[2022-6-22 9:24:52] [INFO] sqlToDB() name: fetch-user-by-mail-password | sql: select * from public.users where email = $1 and user_password = $2 | data: undefined
[2022-6-22 9:24:52] [INFO] sqlToDB(): SELECT | 0
[2022-6-22 9:24:52] [INFO] sqlToDB() name: fetch-user-by-mail-password | sql: select * from public.users where email = $1 and user_password = $2 | data: undefined
[2022-6-22 9:24:52] [INFO] sqlToDB(): SELECT | 0
[2022-6-22 9:24:52] [INFO] sqlToDB() name: fetch-user-by-id | sql: select * from public.users where id = $1 | data: undefined
[2022-6-22 9:24:52] [INFO] sqlToDB(): SELECT | 1
