[2022-6-26 5:21:19] [INFO] Booting the 'HTTP' middleware...
[2022-6-26 5:21:19] [INFO] Booting the 'CORS' middleware...
[2022-6-26 5:21:19] [INFO] Booting the 'CsrfToken' middleware...
[2022-6-26 5:21:19] [INFO] Booting the 'Views' middleware...
[2022-6-26 5:21:19] [INFO] Booting the 'Statics' middleware...
[2022-6-26 5:21:19] [INFO] Booting the 'StatusMonitor' middleware...
[2022-6-26 5:21:19] [INFO] sqlToDB() name: fetch-user-by-mail-password | sql: select * from public.users where email = $1 and user_password = $2 | data: undefined
[2022-6-26 5:21:19] [INFO] sqlToDB(): SELECT | 1
[2022-6-26 5:21:19] [INFO] New user logged existingadmin@test.com
[2022-6-26 5:21:19] [INFO] Email is existingadmin@test.com
[2022-6-26 5:21:19] [INFO] Password is 78ca89fb969778e1044c06659fb077bdb4b77d1d6b0c0466e53233d73361a280
[2022-6-26 5:21:19] [INFO] sqlToDB() name: fetch-user-by-email | sql: select * from public.users where email = $1 | data: undefined
[2022-6-26 5:21:19] [INFO] sqlToDB(): SELECT | 1
[2022-6-26 5:21:19] [INFO] user is existingadmin@test.com                                                                              
[2022-6-26 5:21:19] [INFO] comparing password now!
[2022-6-26 5:21:19] [INFO] Here in the login controller #2!
[2022-6-26 5:21:19] [INFO] sqlToDB() name: fetch-user-by-id | sql: select * from public.users where id = $1 | data: undefined
[2022-6-26 5:21:19] [INFO] sqlToDB(): SELECT | 1
[2022-6-26 5:21:19] [INFO] sqlToDB() name: fetch-user-by-id | sql: select * from public.users where id = $1 | data: undefined
[2022-6-26 5:21:19] [INFO] sqlToDB(): SELECT | 1
[2022-6-26 5:21:19] [INFO] sqlToDB() name: fetch-user-by-id | sql: select * from public.users where id = $1 | data: undefined
[2022-6-26 5:21:19] [INFO] sqlToDB(): SELECT | 1
[2022-6-26 5:21:19] [INFO] sqlToDB() name: fetch-user-by-mail-password | sql: select * from public.users where email = $1 and user_password = $2 | data: undefined
[2022-6-26 5:21:19] [INFO] Email is existingadmin@test.com
[2022-6-26 5:21:19] [INFO] New user logged existingadmin@test.com
[2022-6-26 5:21:19] [INFO] sqlToDB() name: fetch-user-by-email | sql: select * from public.users where email = $1 | data: undefined
[2022-6-26 5:21:19] [INFO] Password is 78ca89fb969778e1044c06659fb077bdb4b77d1d6b0c0466e53233d73361a280
[2022-6-26 5:21:19] [INFO] sqlToDB(): SELECT | 1
[2022-6-26 5:21:19] [INFO] sqlToDB(): SELECT | 1
[2022-6-26 5:21:19] [INFO] user is existingadmin@test.com                                                                              
[2022-6-26 5:21:19] [INFO] Here in the login controller #2!
[2022-6-26 5:21:19] [INFO] comparing password now!
[2022-6-26 5:34:51] [INFO] Booting the 'HTTP' middleware...
[2022-6-26 5:34:51] [INFO] Booting the 'CORS' middleware...
[2022-6-26 5:34:51] [INFO] Booting the 'CsrfToken' middleware...
[2022-6-26 5:34:51] [INFO] Booting the 'Views' middleware...
[2022-6-26 5:34:51] [INFO] Booting the 'Statics' middleware...
[2022-6-26 5:34:51] [INFO] Booting the 'StatusMonitor' middleware...
[2022-6-26 5:34:51] [INFO] sqlToDB() name: fetch-user-by-mail-password | sql: select * from public.users where email = $1 and user_password = $2 | data: undefined
[2022-6-26 5:34:51] [INFO] sqlToDB(): SELECT | 1
[2022-6-26 5:34:51] [INFO] New user logged existingadmin@test.com
[2022-6-26 5:34:51] [INFO] Email is existingadmin@test.com
[2022-6-26 5:34:51] [INFO] Password is 78ca89fb969778e1044c06659fb077bdb4b77d1d6b0c0466e53233d73361a280
[2022-6-26 5:34:51] [INFO] sqlToDB() name: fetch-user-by-email | sql: select * from public.users where email = $1 | data: undefined
[2022-6-26 5:34:51] [INFO] sqlToDB(): SELECT | 1
[2022-6-26 5:34:51] [INFO] user is existingadmin@test.com                                                                              
[2022-6-26 5:34:51] [INFO] comparing password now!
[2022-6-26 5:34:51] [INFO] Here in the login controller #2!
[2022-6-26 5:34:51] [INFO] sqlToDB() name: fetch-user-by-id | sql: select * from public.users where id = $1 | data: undefined
[2022-6-26 5:34:51] [INFO] sqlToDB(): SELECT | 1
[2022-6-26 6:34:37] [INFO] Booting the 'HTTP' middleware...
[2022-6-26 6:34:37] [INFO] Booting the 'CORS' middleware...
[2022-6-26 6:34:37] [INFO] Booting the 'CsrfToken' middleware...
[2022-6-26 6:34:37] [INFO] Booting the 'Views' middleware...
[2022-6-26 6:34:37] [INFO] Booting the 'Statics' middleware...
[2022-6-26 6:34:37] [INFO] Booting the 'StatusMonitor' middleware...
[2022-6-26 6:34:37] [INFO] sqlToDB() name: fetch-user-by-mail-password | sql: select * from public.users where email = $1 and user_password = $2 | data: undefined
[2022-6-26 6:34:37] [INFO] sqlToDB(): SELECT | 0
[2022-6-26 6:34:37] [INFO] sqlToDB() name: fetch-user-by-mail-password | sql: select * from public.users where email = $1 and user_password = $2 | data: undefined
[2022-6-26 6:34:37] [INFO] New user logged existingadmin@test.com
[2022-6-26 6:34:37] [INFO] sqlToDB(): SELECT | 1
[2022-6-26 6:34:37] [INFO] Email is existingadmin@test.com
[2022-6-26 6:34:37] [INFO] Password is 78ca89fb969778e1044c06659fb077bdb4b77d1d6b0c0466e53233d73361a280
[2022-6-26 6:34:37] [INFO] sqlToDB() name: fetch-user-by-email | sql: select * from public.users where email = $1 | data: undefined
[2022-6-26 6:34:37] [INFO] sqlToDB(): SELECT | 1
[2022-6-26 6:34:37] [INFO] user is existingadmin@test.com                                                                              
[2022-6-26 6:34:37] [INFO] comparing password now!
[2022-6-26 6:34:37] [INFO] Here in the login controller #2!
[2022-6-26 6:34:37] [INFO] sqlToDB() name: fetch-user-by-id | sql: select * from public.users where id = $1 | data: undefined
[2022-6-26 6:34:37] [INFO] sqlToDB(): SELECT | 1
[2022-6-26 6:34:37] [INFO] sqlToDB() name: fetch-user-by-mail-password | sql: select * from public.users where email = $1 and user_password = $2 | data: undefined
[2022-6-26 6:34:37] [INFO] sqlToDB(): SELECT | 0
[2022-6-26 11:30:3] [INFO] Booting the 'HTTP' middleware...
[2022-6-26 11:30:3] [INFO] Booting the 'CORS' middleware...
[2022-6-26 11:30:3] [INFO] Booting the 'CsrfToken' middleware...
[2022-6-26 11:30:3] [INFO] Booting the 'Views' middleware...
[2022-6-26 11:30:3] [INFO] Booting the 'Statics' middleware...
[2022-6-26 11:30:3] [INFO] Booting the 'StatusMonitor' middleware...
[2022-6-26 12:46:32] [INFO] Booting the 'HTTP' middleware...
[2022-6-26 12:46:32] [INFO] Booting the 'Statics' middleware...
[2022-6-26 12:46:32] [INFO] Booting the 'StatusMonitor' middleware...
[2022-6-26 12:46:32] [INFO] Booting the 'Views' middleware...
[2022-6-26 12:46:32] [INFO] Booting the 'CORS' middleware...
[2022-6-26 12:46:32] [INFO] Booting the 'CsrfToken' middleware...
