[2022-6-20 19:39:58] [INFO] Booting the 'HTTP' middleware...
[2022-6-20 19:39:58] [INFO] Booting the 'CsrfToken' middleware...
[2022-6-20 19:39:58] [INFO] Booting the 'Views' middleware...
[2022-6-20 19:39:58] [INFO] Booting the 'Statics' middleware...
[2022-6-20 19:39:58] [INFO] Booting the 'StatusMonitor' middleware...
[2022-6-20 19:49:7] [INFO] Booting the 'HTTP' middleware...
[2022-6-20 19:49:7] [INFO] Booting the 'CsrfToken' middleware...
[2022-6-20 19:49:7] [INFO] Booting the 'Views' middleware...
[2022-6-20 19:49:7] [INFO] Booting the 'Statics' middleware...
[2022-6-20 19:49:7] [INFO] Booting the 'StatusMonitor' middleware...
[2022-6-20 19:52:46] [INFO] Booting the 'HTTP' middleware...
[2022-6-20 19:52:46] [INFO] Booting the 'CsrfToken' middleware...
[2022-6-20 19:52:46] [INFO] Booting the 'Views' middleware...
[2022-6-20 19:52:46] [INFO] Booting the 'StatusMonitor' middleware...
[2022-6-20 19:52:46] [INFO] Booting the 'Statics' middleware...
[2022-6-20 19:52:52] [INFO] Booting the 'HTTP' middleware...
[2022-6-20 19:52:52] [INFO] Booting the 'CsrfToken' middleware...
[2022-6-20 19:52:52] [INFO] Booting the 'Views' middleware...
[2022-6-20 19:52:52] [INFO] Booting the 'Statics' middleware...
[2022-6-20 19:52:52] [INFO] Booting the 'StatusMonitor' middleware...
[2022-6-20 20:16:44] [INFO] Booting the 'HTTP' middleware...
[2022-6-20 20:16:44] [INFO] Booting the 'CsrfToken' middleware...
[2022-6-20 20:16:44] [INFO] Booting the 'Views' middleware...
[2022-6-20 20:16:44] [INFO] Booting the 'Statics' middleware...
[2022-6-20 20:16:44] [INFO] Booting the 'StatusMonitor' middleware...
[2022-6-20 20:22:50] [INFO] Booting the 'HTTP' middleware...
[2022-6-20 20:22:50] [INFO] Booting the 'CsrfToken' middleware...
[2022-6-20 20:22:50] [INFO] Booting the 'Views' middleware...
[2022-6-20 20:22:50] [INFO] Booting the 'Statics' middleware...
[2022-6-20 20:22:50] [INFO] Booting the 'StatusMonitor' middleware...
[2022-6-20 20:24:24] [INFO] Booting the 'HTTP' middleware...
[2022-6-20 20:24:24] [INFO] Booting the 'CsrfToken' middleware...
[2022-6-20 20:24:24] [INFO] Booting the 'Views' middleware...
[2022-6-20 20:24:24] [INFO] Booting the 'Statics' middleware...
[2022-6-20 20:24:24] [INFO] Booting the 'StatusMonitor' middleware...
[2022-6-20 20:25:28] [INFO] Booting the 'HTTP' middleware...
[2022-6-20 20:25:28] [INFO] Booting the 'CsrfToken' middleware...
[2022-6-20 20:25:28] [INFO] Booting the 'Views' middleware...
[2022-6-20 20:25:28] [INFO] Booting the 'Statics' middleware...
[2022-6-20 20:25:28] [INFO] Booting the 'StatusMonitor' middleware...
[2022-6-20 20:25:45] [INFO] Booting the 'HTTP' middleware...
[2022-6-20 20:25:45] [INFO] Booting the 'CsrfToken' middleware...
[2022-6-20 20:25:45] [INFO] Booting the 'Views' middleware...
[2022-6-20 20:25:45] [INFO] Booting the 'Statics' middleware...
[2022-6-20 20:25:45] [INFO] Booting the 'StatusMonitor' middleware...
[2022-6-20 20:27:38] [INFO] Booting the 'HTTP' middleware...
[2022-6-20 20:27:38] [INFO] Booting the 'CsrfToken' middleware...
[2022-6-20 20:27:38] [INFO] Booting the 'Views' middleware...
[2022-6-20 20:27:38] [INFO] Booting the 'Statics' middleware...
[2022-6-20 20:27:38] [INFO] Booting the 'StatusMonitor' middleware...
[2022-6-20 20:29:57] [INFO] Booting the 'HTTP' middleware...
[2022-6-20 20:29:57] [INFO] Booting the 'CsrfToken' middleware...
[2022-6-20 20:29:57] [INFO] Booting the 'Views' middleware...
[2022-6-20 20:29:57] [INFO] Booting the 'Statics' middleware...
[2022-6-20 20:29:57] [INFO] Booting the 'StatusMonitor' middleware...
[2022-6-20 20:32:59] [INFO] Booting the 'HTTP' middleware...
[2022-6-20 20:32:59] [INFO] Booting the 'CsrfToken' middleware...
[2022-6-20 20:32:59] [INFO] Booting the 'Views' middleware...
[2022-6-20 20:32:59] [INFO] Booting the 'Statics' middleware...
[2022-6-20 20:32:59] [INFO] Booting the 'StatusMonitor' middleware...
[2022-6-20 20:39:52] [INFO] Booting the 'HTTP' middleware...
[2022-6-20 20:39:52] [INFO] Booting the 'CsrfToken' middleware...
[2022-6-20 20:39:52] [INFO] Booting the 'Views' middleware...
[2022-6-20 20:39:52] [INFO] Booting the 'Statics' middleware...
[2022-6-20 20:39:52] [INFO] Booting the 'StatusMonitor' middleware...
[2022-6-20 20:40:30] [INFO] sqlToDB() name: fetch-user-by-mail-password | sql: select * from public.users where email = $1 and user_password = $2 | data: undefined
[2022-6-20 20:40:30] [INFO] sqlToDB() name: fetch-user-by-mail-password | sql: select * from public.users where email = $1 and user_password = $2 | data: undefined
[2022-6-20 20:40:30] [INFO] sqlToDB() name: fetch-user-by-mail-password | sql: select * from public.users where email = $1 and user_password = $2 | data: undefined
[2022-6-20 20:40:30] [INFO] sqlToDB(): SELECT | 1
[2022-6-20 20:40:30] [INFO] New user logged existingadmin@test.com
[2022-6-20 20:40:30] [INFO] Email is existingadmin@test.com
[2022-6-20 20:40:30] [INFO] Password is 78ca89fb969778e1044c06659fb077bdb4b77d1d6b0c0466e53233d73361a280
[2022-6-20 20:40:30] [INFO] sqlToDB() name: fetch-user-by-email | sql: select * from public.users where email = $1 | data: undefined
[2022-6-20 20:40:30] [INFO] sqlToDB(): SELECT | 1
[2022-6-20 20:40:30] [INFO] New user logged existingadmin@test.com
[2022-6-20 20:40:30] [INFO] Email is existingadmin@test.com
[2022-6-20 20:40:30] [INFO] Password is 78ca89fb969778e1044c06659fb077bdb4b77d1d6b0c0466e53233d73361a280
[2022-6-20 20:40:30] [INFO] sqlToDB() name: fetch-user-by-email | sql: select * from public.users where email = $1 | data: undefined
[2022-6-20 20:40:30] [INFO] sqlToDB(): SELECT | 1
[2022-6-20 20:40:30] [INFO] user is existingadmin@test.com                                                                              
[2022-6-20 20:40:30] [INFO] comparing password now!
[2022-6-20 20:40:30] [INFO] Here in the login controller #2!
[2022-6-20 20:40:30] [INFO] sqlToDB(): SELECT | 1
[2022-6-20 20:40:30] [INFO] user is existingadmin@test.com                                                                              
[2022-6-20 20:40:30] [INFO] comparing password now!
[2022-6-20 20:40:30] [INFO] Here in the login controller #2!
[2022-6-20 20:40:30] [INFO] sqlToDB() name: fetch-user-by-id | sql: select * from public.users where id = $1 | data: undefined
[2022-6-20 20:40:30] [INFO] sqlToDB(): SELECT | 1
[2022-6-20 20:40:30] [INFO] sqlToDB(): SELECT | 1
[2022-6-20 20:40:30] [INFO] New user logged existingadmin@test.com
[2022-6-20 20:40:30] [INFO] Email is existingadmin@test.com
[2022-6-20 20:40:30] [INFO] Password is 78ca89fb969778e1044c06659fb077bdb4b77d1d6b0c0466e53233d73361a280
[2022-6-20 20:40:30] [INFO] sqlToDB() name: fetch-user-by-email | sql: select * from public.users where email = $1 | data: undefined
[2022-6-20 20:40:30] [INFO] sqlToDB(): SELECT | 1
[2022-6-20 20:40:30] [INFO] user is existingadmin@test.com                                                                              
[2022-6-20 20:40:30] [INFO] comparing password now!
[2022-6-20 20:40:30] [INFO] Here in the login controller #2!
[2022-6-20 20:40:30] [INFO] sqlToDB() name: fetch-user-by-mail-password | sql: select * from public.users where email = $1 and user_password = $2 | data: undefined
[2022-6-20 20:40:30] [INFO] sqlToDB(): SELECT | 0
[2022-6-20 20:40:30] [INFO] sqlToDB() name: fetch-user-by-id | sql: select * from public.users where id = $1 | data: undefined
[2022-6-20 20:40:30] [INFO] sqlToDB(): SELECT | 1
[2022-6-20 20:40:30] [INFO] sqlToDB() name: fetch-user-by-mail-password | sql: select * from public.users where email = $1 and user_password = $2 | data: undefined
[2022-6-20 20:40:30] [INFO] sqlToDB(): SELECT | 1
[2022-6-20 20:40:30] [INFO] sqlToDB() name: fetch-user-by-email | sql: select * from public.users where email = $1 | data: undefined
[2022-6-20 20:40:30] [INFO] Email is existingadmin@test.com
[2022-6-20 20:40:30] [INFO] Password is 78ca89fb969778e1044c06659fb077bdb4b77d1d6b0c0466e53233d73361a280
[2022-6-20 20:40:30] [INFO] New user logged existingadmin@test.com
[2022-6-20 20:40:30] [INFO] sqlToDB(): SELECT | 1
[2022-6-20 20:40:30] [INFO] Here in the login controller #2!
[2022-6-20 20:40:30] [INFO] comparing password now!
[2022-6-20 20:40:30] [INFO] user is existingadmin@test.com                                                                              
[2022-6-20 20:40:30] [INFO] sqlToDB() name: fetch-user-by-id | sql: select * from public.users where id = $1 | data: undefined
[2022-6-20 20:40:30] [INFO] sqlToDB(): SELECT | 1
[2022-6-20 20:40:33] [INFO] sqlToDB() name: fetch-user-by-mail-password | sql: select * from public.users where email = $1 and user_password = $2 | data: undefined
[2022-6-20 20:40:33] [INFO] sqlToDB(): SELECT | 1
[2022-6-20 20:40:33] [INFO] New user logged existingadmin@test.com
[2022-6-20 20:40:33] [INFO] Email is existingadmin@test.com
[2022-6-20 20:40:33] [INFO] Password is 78ca89fb969778e1044c06659fb077bdb4b77d1d6b0c0466e53233d73361a280
[2022-6-20 20:40:33] [INFO] sqlToDB() name: fetch-user-by-email | sql: select * from public.users where email = $1 | data: undefined
[2022-6-20 20:40:33] [INFO] sqlToDB(): SELECT | 1
[2022-6-20 20:40:33] [INFO] user is existingadmin@test.com                                                                              
[2022-6-20 20:40:33] [INFO] comparing password now!
[2022-6-20 20:40:33] [INFO] Here in the login controller #2!
[2022-6-20 20:40:33] [INFO] sqlToDB() name: verify-email-exist | sql: SELECT email FROM public.users where email = $1 | data: undefined
[2022-6-20 20:40:33] [INFO] sqlToDB() name: verify-phoneNumber-exist | sql: SELECT phone_number FROM public.users where phone_number = $1 | data: undefined
[2022-6-20 20:40:33] [INFO] sqlToDB() name: verify-userName-exist | sql: SELECT user_name FROM public.users where user_name = $1 | data: undefined
[2022-6-20 20:40:33] [INFO] sqlToDB(): SELECT | 0
[2022-6-20 20:40:33] [INFO] sqlToDB(): SELECT | 1
[2022-6-20 20:40:33] [INFO] sqlToDB(): SELECT | 0
[2022-6-20 20:40:33] [INFO] sqlToDB() name: verify-email-exist | sql: SELECT email FROM public.users where email = $1 | data: undefined
[2022-6-20 20:40:33] [INFO] sqlToDB() name: verify-phoneNumber-exist | sql: SELECT phone_number FROM public.users where phone_number = $1 | data: undefined
[2022-6-20 20:40:33] [INFO] sqlToDB() name: verify-userName-exist | sql: SELECT user_name FROM public.users where user_name = $1 | data: undefined
[2022-6-20 20:40:33] [INFO] sqlToDB(): SELECT | 0
[2022-6-20 20:40:33] [INFO] sqlToDB(): SELECT | 1
[2022-6-20 20:40:33] [INFO] sqlToDB(): SELECT | 0
[2022-6-20 20:40:33] [INFO] sqlToDB() name: verify-email-exist | sql: SELECT email FROM public.users where email = $1 | data: undefined
[2022-6-20 20:40:33] [INFO] sqlToDB() name: verify-phoneNumber-exist | sql: SELECT phone_number FROM public.users where phone_number = $1 | data: undefined
[2022-6-20 20:40:33] [INFO] sqlToDB() name: verify-userName-exist | sql: SELECT user_name FROM public.users where user_name = $1 | data: undefined
[2022-6-20 20:40:33] [INFO] sqlToDB(): SELECT | 0
[2022-6-20 20:40:33] [INFO] sqlToDB(): SELECT | 0
[2022-6-20 20:40:33] [INFO] sqlToDB(): SELECT | 1
